[2025-08-24 19:45:36] =========================================
[2025-08-24 19:45:36] ИМПОРТ ВНЕШНЕГО ДАМПА POSTGRESQL
[2025-08-24 19:45:36] =========================================
[2025-08-24 19:45:36] Usage: /Users/stepanorlov/Desktop/linux/bd/db/ops/import_external_dump.sh <service_name> <dump_file> [-y] [--backup]
[2025-08-24 19:45:36] Примеры:
[2025-08-24 19:45:36]   /Users/stepanorlov/Desktop/linux/bd/db/ops/import_external_dump.sh ebay /path/to/dump.sql -y
[2025-08-24 19:45:36]   /Users/stepanorlov/Desktop/linux/bd/db/ops/import_external_dump.sh ebay /path/to/dump.sql.gz -y --backup
[2025-08-24 19:45:54] =========================================
[2025-08-24 19:45:54] ИМПОРТ ВНЕШНЕГО ДАМПА POSTGRESQL
[2025-08-24 19:45:54] =========================================
[2025-08-24 19:45:54] Запущенные контейнеры: ebay_db 
[2025-08-24 19:45:54] About to IMPORT EXTERNAL DUMP
[2025-08-24 19:45:54]   Service    : ebay
[2025-08-24 19:45:54]   Container  : ebay_db
[2025-08-24 19:45:54]   DB/User    : ebay / admin
[2025-08-24 19:45:54]   Dump file  : /Users/stepanorlov/Desktop/ebay-2025_08_21_03_44_49-dump.sql
[2025-08-24 19:45:54]   Dump size  : 2,8G
[2025-08-24 19:45:54]   Dump type  : sql
[2025-08-24 19:45:54] 
[2025-08-24 19:45:54] ⚠️  ВНИМАНИЕ!
[2025-08-24 19:45:54]    Это ПОЛНОСТЬЮ УДАЛИТ базу данных 'ebay'
[2025-08-24 19:45:54]    и заменит её данными из внешнего дампа.
[2025-08-24 19:45:54] 
[2025-08-24 19:45:54] Отменено.
[2025-08-24 19:46:03] =========================================
[2025-08-24 19:46:03] ИМПОРТ ВНЕШНЕГО ДАМПА POSTGRESQL
[2025-08-24 19:46:03] =========================================
[2025-08-24 19:46:03] Запущенные контейнеры: ebay_db 
[2025-08-24 19:46:03] About to IMPORT EXTERNAL DUMP
[2025-08-24 19:46:03]   Service    : ebay
[2025-08-24 19:46:03]   Container  : ebay_db
[2025-08-24 19:46:03]   DB/User    : ebay / admin
[2025-08-24 19:46:03]   Dump file  : /Users/stepanorlov/Desktop/ebay-2025_08_21_03_44_49-dump.sql
[2025-08-24 19:46:03]   Dump size  : 2,8G
[2025-08-24 19:46:03]   Dump type  : sql
[2025-08-24 19:46:03] 
[2025-08-24 19:46:03] Проверяем готовность контейнера...
[2025-08-24 19:46:03] Пересоздаём базу данных 'ebay'...
[2025-08-24 19:46:03]  pg_terminate_backend 
[2025-08-24 19:46:03] ----------------------
[2025-08-24 19:46:03] (0 rows)
[2025-08-24 19:46:03] 
[2025-08-24 19:46:03] DROP DATABASE
[2025-08-24 19:46:03] CREATE DATABASE
[2025-08-24 19:46:03] Импортируем дамп (размер: 2,8G)...
[2025-08-24 19:46:03] Импорт SQL дампа...
[2025-08-24 19:46:03] SET
[2025-08-24 19:46:03] SET
[2025-08-24 19:46:03] SET
[2025-08-24 19:46:03] SET
[2025-08-24 19:46:03] SET
[2025-08-24 19:46:03] SET
[2025-08-24 19:46:03]  set_config 
[2025-08-24 19:46:03] ------------
[2025-08-24 19:46:03]  
[2025-08-24 19:46:03] (1 row)
[2025-08-24 19:46:03] 
[2025-08-24 19:46:03] SET
[2025-08-24 19:46:03] SET
[2025-08-24 19:46:03] SET
[2025-08-24 19:46:03] SET
[2025-08-24 19:46:03] SET
[2025-08-24 19:46:03] SET
[2025-08-24 19:46:03] CREATE TABLE
[2025-08-24 19:46:03] ERROR:  role "postgres" does not exist
[2025-08-24 19:46:18] =========================================
[2025-08-24 19:46:18] ИМПОРТ ВНЕШНЕГО ДАМПА POSTGRESQL
[2025-08-24 19:46:18] =========================================
[2025-08-24 19:46:18] Запущенные контейнеры: ebay_db 
[2025-08-24 19:46:18] About to IMPORT EXTERNAL DUMP
[2025-08-24 19:46:18]   Service    : ebay
[2025-08-24 19:46:18]   Container  : ebay_db
[2025-08-24 19:46:18]   DB/User    : ebay / admin
[2025-08-24 19:46:18]   Dump file  : /Users/stepanorlov/Desktop/ebay-2025_08_21_03_44_49-dump.sql
[2025-08-24 19:46:18]   Dump size  : 2,8G
[2025-08-24 19:46:18]   Dump type  : sql
[2025-08-24 19:46:18] 
[2025-08-24 19:46:18] Проверяем готовность контейнера...
[2025-08-24 19:46:18] Пересоздаём базу данных 'ebay'...
[2025-08-24 19:46:18]  pg_terminate_backend 
[2025-08-24 19:46:18] ----------------------
[2025-08-24 19:46:18] (0 rows)
[2025-08-24 19:46:18] 
[2025-08-24 19:46:18] DROP DATABASE
[2025-08-24 19:46:18] CREATE DATABASE
[2025-08-24 19:46:18] Импортируем дамп (размер: 2,8G)...
[2025-08-24 19:46:18] Импорт SQL дампа...
[2025-08-24 19:46:18] SET
[2025-08-24 19:46:18] SET
[2025-08-24 19:46:18] SET
[2025-08-24 19:46:18] SET
[2025-08-24 19:46:18] SET
[2025-08-24 19:46:18] SET
[2025-08-24 19:46:18]  set_config 
[2025-08-24 19:46:18] ------------
[2025-08-24 19:46:18]  
[2025-08-24 19:46:18] (1 row)
[2025-08-24 19:46:18] 
[2025-08-24 19:46:18] SET
[2025-08-24 19:46:18] SET
[2025-08-24 19:46:18] SET
[2025-08-24 19:46:18] SET
[2025-08-24 19:46:18] SET
[2025-08-24 19:46:18] SET
[2025-08-24 19:46:18] CREATE TABLE
[2025-08-24 19:46:18] ALTER TABLE
[2025-08-24 19:46:18] ALTER TABLE
[2025-08-24 19:46:18] CREATE TABLE
[2025-08-24 19:46:18] ALTER TABLE
[2025-08-24 19:46:18] ALTER TABLE
[2025-08-24 19:46:18] CREATE TABLE
[2025-08-24 19:46:18] ALTER TABLE
[2025-08-24 19:46:18] ALTER TABLE
[2025-08-24 19:46:18] CREATE TABLE
[2025-08-24 19:46:18] ALTER TABLE
[2025-08-24 19:46:18] CREATE TABLE
[2025-08-24 19:46:18] ALTER TABLE
[2025-08-24 19:46:18] COPY 49193
[2025-08-24 19:46:27] COPY 2459903
[2025-08-24 19:47:07] COPY 27753255
[2025-08-24 19:47:07] COPY 0
[2025-08-24 19:47:07] COPY 48649
[2025-08-24 19:47:07]  setval 
[2025-08-24 19:47:07] --------
[2025-08-24 19:47:07]  254871
[2025-08-24 19:47:07] (1 row)
[2025-08-24 19:47:07] 
[2025-08-24 19:47:07]  setval  
[2025-08-24 19:47:07] ---------
[2025-08-24 19:47:07]  2510850
[2025-08-24 19:47:07] (1 row)
[2025-08-24 19:47:07] 
[2025-08-24 19:47:07]   setval  
[2025-08-24 19:47:07] ----------
[2025-08-24 19:47:07]  27756198
[2025-08-24 19:47:07] (1 row)
[2025-08-24 19:47:07] 
[2025-08-24 19:47:07] ALTER TABLE
[2025-08-24 19:47:07] ALTER TABLE
[2025-08-24 19:47:11] ALTER TABLE
[2025-08-24 19:47:12] ALTER TABLE
[2025-08-24 19:48:05] ALTER TABLE
[2025-08-24 19:48:05] ALTER TABLE
[2025-08-24 19:48:05] ALTER TABLE
[2025-08-24 19:48:08] CREATE INDEX
[2025-08-24 19:48:08] Проверяем результат импорта...
[2025-08-24 19:48:08] 
[2025-08-24 19:48:08] =========================================
[2025-08-24 19:48:08] ✅ ИМПОРТ ЗАВЕРШЁН УСПЕШНО!
[2025-08-24 19:48:08] =========================================
[2025-08-24 19:48:08]   База данных: ebay
[2025-08-24 19:48:08]   Количество таблиц: 5
[2025-08-24 19:48:08]   Размер базы: 4318MB
[2025-08-24 19:48:08]   Дамп: ebay-2025_08_21_03_44_49-dump.sql
[2025-08-24 19:48:08] 
[2025-08-24 19:48:08] Лог операции: /Users/stepanorlov/Desktop/linux/bd/db/ops/backup/import.log
[2025-08-24 19:54:08] =========================================
[2025-08-24 19:54:08] ИМПОРТ ВНЕШНЕГО ДАМПА POSTGRESQL
[2025-08-24 19:54:08] =========================================
[2025-08-24 19:54:08] Запущенные контейнеры: ebay_db 
[2025-08-24 19:54:08] About to IMPORT EXTERNAL DUMP
[2025-08-24 19:54:08]   Service    : ebay
[2025-08-24 19:54:08]   Container  : ebay_db
[2025-08-24 19:54:08]   DB/User    : ebay / admin
[2025-08-24 19:54:08]   Dump file  : /Users/stepanorlov/Desktop/ebay-2025_08_21_03_44_49-dump.sql
[2025-08-24 19:54:08]   Dump size  : 2,8G
[2025-08-24 19:54:08]   Dump type  : sql
[2025-08-24 19:54:08] 
[2025-08-24 19:54:08] ⚠️  ВНИМАНИЕ!
[2025-08-24 19:54:08]    Это ПОЛНОСТЬЮ УДАЛИТ базу данных 'ebay'
[2025-08-24 19:54:08]    и заменит её данными из внешнего дампа.
[2025-08-24 19:54:08] 
[2025-08-24 19:55:18] Продолжить импорт? [y/N] Отменено.
[2025-08-24 20:10:14] =========================================
[2025-08-24 20:10:14] ИМПОРТ ВНЕШНЕГО ДАМПА POSTGRESQL
[2025-08-24 20:10:14] =========================================
[2025-08-24 20:10:14] Запущенные контейнеры: test_import_db ebay_db 
[2025-08-24 20:10:14] About to IMPORT EXTERNAL DUMP
[2025-08-24 20:10:14]   Service    : test_import
[2025-08-24 20:10:14]   Container  : test_import_db
[2025-08-24 20:10:14]   DB/User    : test_import / admin
[2025-08-24 20:10:14]   Dump file  : /Users/stepanorlov/Desktop/test_dump.sql
[2025-08-24 20:10:14]   Dump size  : 3,8K
[2025-08-24 20:10:14]   Dump type  : sql
[2025-08-24 20:10:14] 
[2025-08-24 20:10:14] Проверяем готовность контейнера...
[2025-08-24 20:10:14] Пересоздаём базу данных 'test_import'...
[2025-08-24 20:10:15] Импортируем дамп (размер: 3,8K)...
[2025-08-24 20:10:15] Импорт SQL дампа...
[2025-08-24 20:10:15]   SET
[2025-08-24 20:10:15]   SET
[2025-08-24 20:10:15]   SET
[2025-08-24 20:10:15]   SET
[2025-08-24 20:10:15]   SET
[2025-08-24 20:10:15]   SET
[2025-08-24 20:10:15]    set_config 
[2025-08-24 20:10:15]   ------------
[2025-08-24 20:10:15]    
[2025-08-24 20:10:15]   (1 row)
[2025-08-24 20:10:15]   
[2025-08-24 20:10:15]   SET
[2025-08-24 20:10:15]   SET
[2025-08-24 20:10:15]   SET
[2025-08-24 20:10:15]   SET
[2025-08-24 20:10:15]   CREATE TABLE
[2025-08-24 20:10:15]   ALTER TABLE
[2025-08-24 20:10:15]   CREATE SEQUENCE
[2025-08-24 20:10:15]   ALTER TABLE
[2025-08-24 20:10:15]   ALTER SEQUENCE
[2025-08-24 20:10:15]   CREATE TABLE
[2025-08-24 20:10:15]   ALTER TABLE
[2025-08-24 20:10:15]   CREATE SEQUENCE
[2025-08-24 20:10:15]   ALTER TABLE
[2025-08-24 20:10:15]   ALTER SEQUENCE
[2025-08-24 20:10:15]   ALTER TABLE
[2025-08-24 20:10:15]   ALTER TABLE
[2025-08-24 20:10:15]   COPY 5
[2025-08-24 20:10:15]   COPY 7
[2025-08-24 20:10:15]    setval 
[2025-08-24 20:10:15]   --------
[2025-08-24 20:10:15]         5
[2025-08-24 20:10:15]   (1 row)
[2025-08-24 20:10:15]   
[2025-08-24 20:10:15]    setval 
[2025-08-24 20:10:15]   --------
[2025-08-24 20:10:15]         7
[2025-08-24 20:10:15]   (1 row)
[2025-08-24 20:10:15]   
[2025-08-24 20:10:15]   ALTER TABLE
[2025-08-24 20:10:15]   ALTER TABLE
[2025-08-24 20:10:15] Проверяем результат импорта...
[2025-08-24 20:10:15] 
[2025-08-24 20:10:15] =========================================
[2025-08-24 20:10:15] ✅ ИМПОРТ ЗАВЕРШЁН УСПЕШНО!
[2025-08-24 20:10:15] =========================================
[2025-08-24 20:10:15]   База данных: test_import
[2025-08-24 20:10:15]   Количество таблиц: 2
[2025-08-24 20:10:15]   Размер базы: 7699kB
[2025-08-24 20:10:15]   Дамп: test_dump.sql
[2025-08-24 20:10:15] 
[2025-08-24 20:10:15] Лог операции: /Users/stepanorlov/Desktop/linux/bd/db/ops/backup/import.log
[2025-08-24 20:11:26] =========================================
[2025-08-24 20:11:26] ИМПОРТ ВНЕШНЕГО ДАМПА POSTGRESQL
[2025-08-24 20:11:26] =========================================
[2025-08-24 20:11:27] Запущенные контейнеры: test_import_db ebay_db 
[2025-08-24 20:11:27] About to IMPORT EXTERNAL DUMP
[2025-08-24 20:11:27]   Service    : test_import
[2025-08-24 20:11:27]   Container  : test_import_db
[2025-08-24 20:11:27]   DB/User    : test_import / admin
[2025-08-24 20:11:27]   Dump file  : /Users/stepanorlov/Desktop/simple_dump.sql
[2025-08-24 20:11:27]   Dump size  : 329B
[2025-08-24 20:11:27]   Dump type  : sql
[2025-08-24 20:11:27] 
[2025-08-24 20:11:27] 
[2025-08-24 20:11:27] 📦 СОЗДАНИЕ БЭКАПА ПЕРЕД ИМПОРТОМ
[2025-08-24 20:11:27]    Текущие данные в базе 'test_import' будут сохранены в бэкап
[2025-08-24 20:11:27] 
[2025-08-24 20:11:27] Создаём бэкап текущей базы...
[2025-08-24 20:11:27] 
[2025-08-24 20:11:27] ⚠️  ВНИМАНИЕ!
[2025-08-24 20:11:27]    Это ПОЛНОСТЬЮ УДАЛИТ базу данных 'test_import'
[2025-08-24 20:11:27]    и заменит её данными из внешнего дампа.
[2025-08-24 20:11:27] 
[2025-08-24 20:11:27] Проверяем готовность контейнера...
[2025-08-24 20:11:27] Пересоздаём базу данных 'test_import'...
[2025-08-24 20:11:27] Импортируем дамп (размер: 329B)...
[2025-08-24 20:11:27] Импорт SQL дампа...
[2025-08-24 20:11:27]   SET
[2025-08-24 20:11:27]   SET
[2025-08-24 20:11:27]   CREATE TABLE
[2025-08-24 20:11:27]   INSERT 0 3
[2025-08-24 20:11:27] Проверяем результат импорта...
[2025-08-24 20:11:27] 
[2025-08-24 20:11:27] =========================================
[2025-08-24 20:11:27] ✅ ИМПОРТ ЗАВЕРШЁН УСПЕШНО!
[2025-08-24 20:11:27] =========================================
[2025-08-24 20:11:27]   База данных: test_import
[2025-08-24 20:11:27]   Количество таблиц: 1
[2025-08-24 20:11:27]   Размер базы: 7667kB
[2025-08-24 20:11:27]   Дамп: simple_dump.sql
[2025-08-24 20:11:27] 
[2025-08-24 20:11:27] Лог операции: /Users/stepanorlov/Desktop/linux/bd/db/ops/backup/import.log
[2025-08-24 20:12:32] =========================================
[2025-08-24 20:12:32] ИМПОРТ ВНЕШНЕГО ДАМПА POSTGRESQL
[2025-08-24 20:12:32] =========================================
[2025-08-24 20:12:32] Запущенные контейнеры: test_import_db ebay_db 
[2025-08-24 20:12:32] About to IMPORT EXTERNAL DUMP
[2025-08-24 20:12:32]   Service    : test_import
[2025-08-24 20:12:32]   Container  : test_import_db
[2025-08-24 20:12:32]   DB/User    : test_import / admin
[2025-08-24 20:12:32]   Dump file  : /Users/stepanorlov/Desktop/test_dump.sql.gz
[2025-08-24 20:12:32]   Dump size  : 1,3K
[2025-08-24 20:12:32]   Dump type  : sql.gz
[2025-08-24 20:12:32] 
[2025-08-24 20:12:32] Проверяем готовность контейнера...
[2025-08-24 20:12:32] Пересоздаём базу данных 'test_import'...
[2025-08-24 20:12:32] Импортируем дамп (размер: 1,3K)...
[2025-08-24 20:12:32] Импорт сжатого дампа...
[2025-08-24 20:12:32]   SET
[2025-08-24 20:12:32]   SET
[2025-08-24 20:12:32]   SET
[2025-08-24 20:12:32]   SET
[2025-08-24 20:12:32]   SET
[2025-08-24 20:12:32]   SET
[2025-08-24 20:12:32]    set_config 
[2025-08-24 20:12:32]   ------------
[2025-08-24 20:12:32]    
[2025-08-24 20:12:32]   (1 row)
[2025-08-24 20:12:32]   
[2025-08-24 20:12:32]   SET
[2025-08-24 20:12:32]   SET
[2025-08-24 20:12:32]   SET
[2025-08-24 20:12:32]   SET
[2025-08-24 20:12:32]   CREATE TABLE
[2025-08-24 20:12:32]   ALTER TABLE
[2025-08-24 20:12:32]   CREATE SEQUENCE
[2025-08-24 20:12:32]   ALTER TABLE
[2025-08-24 20:12:32]   ALTER SEQUENCE
[2025-08-24 20:12:32]   CREATE TABLE
[2025-08-24 20:12:32]   ALTER TABLE
[2025-08-24 20:12:32]   CREATE SEQUENCE
[2025-08-24 20:12:32]   ALTER TABLE
[2025-08-24 20:12:32]   ALTER SEQUENCE
[2025-08-24 20:12:32]   ALTER TABLE
[2025-08-24 20:12:32]   ALTER TABLE
[2025-08-24 20:12:32]   COPY 5
[2025-08-24 20:12:32]   COPY 7
[2025-08-24 20:12:32]    setval 
[2025-08-24 20:12:32]   --------
[2025-08-24 20:12:32]         5
[2025-08-24 20:12:32]   (1 row)
[2025-08-24 20:12:32]   
[2025-08-24 20:12:32]    setval 
[2025-08-24 20:12:32]   --------
[2025-08-24 20:12:32]         7
[2025-08-24 20:12:32]   (1 row)
[2025-08-24 20:12:32]   
[2025-08-24 20:12:32]   ALTER TABLE
[2025-08-24 20:12:32]   ALTER TABLE
[2025-08-24 20:12:32] Проверяем результат импорта...
[2025-08-24 20:12:32] 
[2025-08-24 20:12:32] =========================================
[2025-08-24 20:12:32] ✅ ИМПОРТ ЗАВЕРШЁН УСПЕШНО!
[2025-08-24 20:12:32] =========================================
[2025-08-24 20:12:32]   База данных: test_import
[2025-08-24 20:12:32]   Количество таблиц: 2
[2025-08-24 20:12:33]   Размер базы: 7699kB
[2025-08-24 20:12:33]   Дамп: test_dump.sql.gz
[2025-08-24 20:12:33] 
[2025-08-24 20:12:33] Лог операции: /Users/stepanorlov/Desktop/linux/bd/db/ops/backup/import.log
